<?xml version="1.0" encoding="UTF-8"?>
<robot generator="Robot 7.2 (Python 3.13.1 on win32)" generated="2025-06-19T13:38:13.598384" rpa="false" schemaversion="5">
<suite id="s1" name="Navbar" source="C:\Programming\Python\RobotFramework\Eezy\tests\EmployeePage\Navbar.robot">
<test id="s1-t1" name="Redirection from between Ohjeet and Työvuorot Pages" line="138">
<kw name="Begin Web Test" owner="CommonFeature" type="SETUP">
<kw name="Set Selenium Speed" owner="SeleniumLibrary">
<arg>.35s</arg>
<doc>Sets the delay that is waited after each Selenium command.</doc>
<status status="PASS" start="2025-06-19T13:38:14.891811" elapsed="0.000341"/>
</kw>
<kw name="Set Selenium Timeout" owner="SeleniumLibrary">
<arg>10s</arg>
<doc>Sets the timeout that is used by various keywords.</doc>
<status status="PASS" start="2025-06-19T13:38:14.892383" elapsed="0.000259"/>
</kw>
<kw name="Open Browser" owner="SeleniumLibrary">
<msg time="2025-06-19T13:38:14.893156" level="INFO">Opening browser 'chrome' to base url 'about:blank'.</msg>
<arg>about:blank</arg>
<arg>${BROWSER}</arg>
<doc>Opens a new browser instance to the optional ``url``.</doc>
<status status="PASS" start="2025-06-19T13:38:14.892931" elapsed="3.087473"/>
</kw>
<kw name="Set Window Position" owner="SeleniumLibrary">
<arg>x=341</arg>
<arg>y=75</arg>
<doc>Sets window position using ``x`` and ``y`` coordinates.</doc>
<status status="PASS" start="2025-06-19T13:38:17.980706" elapsed="0.413660"/>
</kw>
<kw name="Set Window Size" owner="SeleniumLibrary">
<arg>width=1150</arg>
<arg>height=910</arg>
<doc>Sets current windows size to given ``width`` and ``height``.</doc>
<status status="PASS" start="2025-06-19T13:38:18.394711" elapsed="0.448091"/>
</kw>
<status status="PASS" start="2025-06-19T13:38:14.890762" elapsed="3.952261"/>
</kw>
<kw name="Go To &quot;Home&quot; Page" owner="EezyApp">
<kw name="Navigate To Eezy Website" owner="HomePage">
<kw name="Go To" owner="SeleniumLibrary">
<msg time="2025-06-19T13:38:18.853924" level="INFO">Opening url 'https://extranet.extraajat.com/'</msg>
<arg>${URL}</arg>
<doc>Navigates the current browser window to the provided ``url``.</doc>
<status status="PASS" start="2025-06-19T13:38:18.853744" elapsed="1.210812"/>
</kw>
<status status="PASS" start="2025-06-19T13:38:18.853463" elapsed="1.211296"/>
</kw>
<kw name="Verify HomePage Loaded" owner="HomePage">
<kw name="Wait Until Page Contains" owner="SeleniumLibrary">
<arg>${HOME_HEADER_LABEL}</arg>
<doc>Waits until ``text`` appears on the current page.</doc>
<status status="PASS" start="2025-06-19T13:38:20.065461" elapsed="0.398274"/>
</kw>
<status status="PASS" start="2025-06-19T13:38:20.065053" elapsed="0.398878"/>
</kw>
<status status="PASS" start="2025-06-19T13:38:18.853015" elapsed="1.611035"/>
</kw>
<kw name="Login With Valid Credentials" owner="EezyApp">
<kw name="Login With Valid Credentials" owner="LoginProcess">
<kw name="Fill &quot;Username&quot; Field" owner="LoginProcess">
<kw name="Input Text" owner="SeleniumLibrary">
<msg time="2025-06-19T13:38:20.468890" level="INFO">Typing text 'emp_46409' into text field 'name=_username'.</msg>
<arg>${SIGNIN_USERNAME_TEXTBOX}</arg>
<arg>${Username}</arg>
<doc>Types the given ``text`` into the text field identified by ``locator``.</doc>
<status status="PASS" start="2025-06-19T13:38:20.468370" elapsed="1.487310"/>
</kw>
<arg>${Username}</arg>
<status status="PASS" start="2025-06-19T13:38:20.468025" elapsed="1.487855"/>
</kw>
<kw name="Fill &quot;Password&quot; Field" owner="LoginProcess">
<kw name="Input Text" owner="SeleniumLibrary">
<msg time="2025-06-19T13:38:21.956920" level="INFO">Typing text 'zoya1234' into text field 'id=password'.</msg>
<arg>${SIGNIN_PASSWORD_TEXTBOX}</arg>
<arg>${Password}</arg>
<doc>Types the given ``text`` into the text field identified by ``locator``.</doc>
<status status="PASS" start="2025-06-19T13:38:21.956602" elapsed="1.160223"/>
</kw>
<arg>${Password}</arg>
<status status="PASS" start="2025-06-19T13:38:21.956144" elapsed="1.160864"/>
</kw>
<kw name="Click &quot;Login&quot; Button" owner="LoginProcess">
<kw name="Click Button" owner="SeleniumLibrary">
<msg time="2025-06-19T13:38:23.118154" level="INFO">Clicking button 'name=login'.</msg>
<arg>${SIGNIN_SUBMIT_BUTTON}</arg>
<doc>Clicks the button identified by ``locator``.</doc>
<status status="PASS" start="2025-06-19T13:38:23.117818" elapsed="1.828762"/>
</kw>
<status status="PASS" start="2025-06-19T13:38:23.117260" elapsed="1.829567"/>
</kw>
<arg>${Username}</arg>
<arg>${Password}</arg>
<status status="PASS" start="2025-06-19T13:38:20.467597" elapsed="4.479341"/>
</kw>
<kw name="Verify Employee Username Loaded" owner="Header">
<kw name="Wait Until Page Contains" owner="SeleniumLibrary">
<arg>${EMPLOYEE_USERNAME}</arg>
<doc>Waits until ``text`` appears on the current page.</doc>
<status status="PASS" start="2025-06-19T13:38:24.947755" elapsed="0.772036"/>
</kw>
<status status="PASS" start="2025-06-19T13:38:24.947270" elapsed="0.772767"/>
</kw>
<arg>${VALID_USERNAME}</arg>
<arg>${VALID_PASSWORD}</arg>
<status status="PASS" start="2025-06-19T13:38:20.467065" elapsed="5.253102"/>
</kw>
<kw name="Verify User click redirection to Ohjeet Page and then back to Työvuorot Page" owner="EezyApp">
<kw name="User click on Ohjeet Link From Työvuorot and Then Työvuorot Link From Ohjeet page" owner="Navbar">
<kw name="Go To Tyovuorot Page" owner="Navbar">
<kw name="Click Element" owner="SeleniumLibrary">
<msg time="2025-06-19T13:38:25.722355" level="INFO">Clicking element 'xpath=/html/body/div/div[1]/div/div/div[2]/div/div/ul/li[2]'.</msg>
<arg>${NVABAR_LINK_TYOVUOROT}</arg>
<doc>Click the element identified by ``locator``.</doc>
<status status="PASS" start="2025-06-19T13:38:25.722084" elapsed="1.293011"/>
</kw>
<kw name="Wait Until Location Is" owner="SeleniumLibrary">
<arg>${NAVBAR_LINK_TYOVUOROT_LOCATION}</arg>
<arg>timeout=10s</arg>
<doc>Waits until the current URL is ``expected``.</doc>
<status status="PASS" start="2025-06-19T13:38:27.015366" elapsed="0.355899"/>
</kw>
<doc>Navigate to Työvuorot page to ensure we are not on Home</doc>
<status status="PASS" start="2025-06-19T13:38:25.721784" elapsed="1.649681"/>
</kw>
<kw name="Get Location" owner="SeleniumLibrary">
<msg time="2025-06-19T13:38:27.766988" level="INFO">${before_ohjeet} = https://extranet.extraajat.com/tt/tyovuorot</msg>
<var>${before_ohjeet}</var>
<doc>Returns the current browser window URL.</doc>
<status status="PASS" start="2025-06-19T13:38:27.371703" elapsed="0.395365"/>
</kw>
<kw name="Click Element" owner="SeleniumLibrary">
<msg time="2025-06-19T13:38:27.767784" level="INFO">Clicking element 'xpath=/html/body/div/div[1]/div/div/div[2]/div/div/ul/li[5]'.</msg>
<arg>${NVABAR_LINK_OHJEET}</arg>
<doc>Click the element identified by ``locator``.</doc>
<status status="PASS" start="2025-06-19T13:38:27.767349" elapsed="2.404629"/>
</kw>
<kw name="Wait Until Location Is" owner="SeleniumLibrary">
<arg>${NAVBAR_LINK_OHJEET_LOCATION}</arg>
<arg>timeout=10s</arg>
<doc>Waits until the current URL is ``expected``.</doc>
<status status="PASS" start="2025-06-19T13:38:30.172302" elapsed="0.421250"/>
</kw>
<kw name="Get Location" owner="SeleniumLibrary">
<msg time="2025-06-19T13:38:30.996946" level="INFO">${after_ohjeet} = https://extranet.extraajat.com/tt/ohjeet</msg>
<var>${after_ohjeet}</var>
<doc>Returns the current browser window URL.</doc>
<status status="PASS" start="2025-06-19T13:38:30.593873" elapsed="0.403146"/>
</kw>
<kw name="Should Not Be Equal" owner="BuiltIn">
<arg>${before_ohjeet}</arg>
<arg>${after_ohjeet}</arg>
<doc>Fails if the given objects are equal.</doc>
<status status="PASS" start="2025-06-19T13:38:30.997275" elapsed="0.000321"/>
</kw>
<kw name="Click Element" owner="SeleniumLibrary">
<msg time="2025-06-19T13:38:30.997994" level="INFO">Clicking element 'xpath=/html/body/div/div[1]/div/div/div[2]/div/div/ul/li[2]'.</msg>
<arg>${NVABAR_LINK_TYOVUOROT}</arg>
<doc>Click the element identified by ``locator``.</doc>
<status status="PASS" start="2025-06-19T13:38:30.997767" elapsed="1.245276"/>
</kw>
<kw name="Wait Until Location Is" owner="SeleniumLibrary">
<arg>${NAVBAR_LINK_TYOVUOROT_LOCATION}</arg>
<arg>timeout=10s</arg>
<doc>Waits until the current URL is ``expected``.</doc>
<status status="PASS" start="2025-06-19T13:38:32.243568" elapsed="0.355425"/>
</kw>
<kw name="Get Location" owner="SeleniumLibrary">
<msg time="2025-06-19T13:38:32.957859" level="INFO">${after_tyovuorot} = https://extranet.extraajat.com/tt/tyovuorot</msg>
<var>${after_tyovuorot}</var>
<doc>Returns the current browser window URL.</doc>
<status status="PASS" start="2025-06-19T13:38:32.599274" elapsed="0.358658"/>
</kw>
<kw name="Should Not Be Equal" owner="BuiltIn">
<arg>${after_ohjeet}</arg>
<arg>${after_tyovuorot}</arg>
<doc>Fails if the given objects are equal.</doc>
<status status="PASS" start="2025-06-19T13:38:32.958167" elapsed="0.000300"/>
</kw>
<doc>From Home, go to Työvuorot, then Ohjeet, then back to Työvuorot, verifying URL changes each time</doc>
<status status="PASS" start="2025-06-19T13:38:25.721435" elapsed="7.237114"/>
</kw>
<status status="PASS" start="2025-06-19T13:38:25.720920" elapsed="7.237693"/>
</kw>
<kw name="End Web Test" owner="CommonFeature" type="TEARDOWN">
<kw name="Close All Browsers" owner="SeleniumLibrary">
<doc>Closes all open browsers and resets the browser cache.</doc>
<status status="PASS" start="2025-06-19T13:38:32.959243" elapsed="2.854988"/>
</kw>
<status status="PASS" start="2025-06-19T13:38:32.958971" elapsed="2.855415"/>
</kw>
<doc>Verify that clicking the Ohjeet link changes the URL</doc>
<tag>1018</tag>
<status status="PASS" start="2025-06-19T13:38:14.889331" elapsed="20.925258"/>
</test>
<doc>Footer Section Testing</doc>
<status status="PASS" start="2025-06-19T13:38:13.600358" elapsed="22.215212"/>
</suite>
<statistics>
<total>
<stat pass="1" fail="0" skip="0">All Tests</stat>
</total>
<tag>
<stat pass="1" fail="0" skip="0">1018</stat>
</tag>
<suite>
<stat name="Navbar" id="s1" pass="1" fail="0" skip="0">Navbar</stat>
</suite>
</statistics>
<errors>
</errors>
</robot>
