<?xml version="1.0" encoding="UTF-8"?>
<robot generator="Robot 7.2 (Python 3.13.1 on win32)" generated="2025-05-14T15:50:09.180159" rpa="false" schemaversion="5">
<suite id="s1" name="LoginProcess" source="C:\Programming\Python\RobotFramework\Eezy\tests\LoginProcess.robot">
<test id="s1-t1" name="Should be able to Login with valid credentials" line="17">
<kw name="Begin Web Test" owner="CommonFeature" type="SETUP">
<kw name="Set Selenium Speed" owner="SeleniumLibrary">
<arg>.35s</arg>
<doc>Sets the delay that is waited after each Selenium command.</doc>
<status status="PASS" start="2025-05-14T15:50:10.516041" elapsed="0.000220"/>
</kw>
<kw name="Set Selenium Timeout" owner="SeleniumLibrary">
<arg>10s</arg>
<doc>Sets the timeout that is used by various keywords.</doc>
<status status="PASS" start="2025-05-14T15:50:10.516405" elapsed="0.000163"/>
</kw>
<kw name="Open Browser" owner="SeleniumLibrary">
<msg time="2025-05-14T15:50:10.516887" level="INFO">Opening browser 'chrome' to base url 'about:blank'.</msg>
<arg>about:blank</arg>
<arg>${BROWSER}</arg>
<doc>Opens a new browser instance to the optional ``url``.</doc>
<status status="PASS" start="2025-05-14T15:50:10.516710" elapsed="2.655240"/>
</kw>
<kw name="Set Window Position" owner="SeleniumLibrary">
<arg>x=341</arg>
<arg>y=169</arg>
<doc>Sets window position using ``x`` and ``y`` coordinates.</doc>
<status status="PASS" start="2025-05-14T15:50:13.172290" elapsed="0.384201"/>
</kw>
<kw name="Set Window Size" owner="SeleniumLibrary">
<arg>width=1150</arg>
<arg>height=1090</arg>
<doc>Sets current windows size to given ``width`` and ``height``.</doc>
<status status="PASS" start="2025-05-14T15:50:13.556801" elapsed="0.432504"/>
</kw>
<status status="PASS" start="2025-05-14T15:50:10.515415" elapsed="3.474133"/>
</kw>
<kw name="Go To &quot;Home&quot; Page" owner="EezyApp">
<kw name="Navigate To Eezy Website" owner="HomePage">
<kw name="Go To" owner="SeleniumLibrary">
<msg time="2025-05-14T15:50:13.990727" level="INFO">Opening url 'https://extranet.extraajat.com/'</msg>
<arg>${URL}</arg>
<doc>Navigates the current browser window to the provided ``url``.</doc>
<status status="PASS" start="2025-05-14T15:50:13.990592" elapsed="0.947534"/>
</kw>
<status status="PASS" start="2025-05-14T15:50:13.990390" elapsed="0.947944"/>
</kw>
<kw name="Verify HomePage Loaded" owner="HomePage">
<kw name="Wait Until Page Contains" owner="SeleniumLibrary">
<arg>${HOME_HEADER_LABEL}</arg>
<doc>Waits until ``text`` appears on the current page.</doc>
<status status="PASS" start="2025-05-14T15:50:14.939051" elapsed="0.364893"/>
</kw>
<status status="PASS" start="2025-05-14T15:50:14.938616" elapsed="0.365493"/>
</kw>
<status status="PASS" start="2025-05-14T15:50:13.990040" elapsed="1.314144"/>
</kw>
<kw name="Login With Valid Credentials" owner="EezyApp">
<kw name="Login With Valid Credentials" owner="LoginProcess">
<kw name="Fill &quot;Username&quot; Field" owner="LoginProcess">
<kw name="Input Text" owner="SeleniumLibrary">
<msg time="2025-05-14T15:50:15.306330" level="INFO">Typing text 'emp_46409' into text field 'name=_username'.</msg>
<arg>${SIGNIN_USERNAME_TEXTBOX}</arg>
<arg>${Username}</arg>
<doc>Types the given ``text`` into the text field identified by ``locator``.</doc>
<status status="PASS" start="2025-05-14T15:50:15.305906" elapsed="1.227222"/>
</kw>
<arg>${Username}</arg>
<status status="PASS" start="2025-05-14T15:50:15.305234" elapsed="1.228073"/>
</kw>
<kw name="Fill &quot;Password&quot; Field" owner="LoginProcess">
<kw name="Input Text" owner="SeleniumLibrary">
<msg time="2025-05-14T15:50:16.534181" level="INFO">Typing text 'zoya1234' into text field 'id=password'.</msg>
<arg>${SIGNIN_PASSWORD_TEXTBOX}</arg>
<arg>${Password}</arg>
<doc>Types the given ``text`` into the text field identified by ``locator``.</doc>
<status status="PASS" start="2025-05-14T15:50:16.533931" elapsed="1.143547"/>
</kw>
<arg>${Password}</arg>
<status status="PASS" start="2025-05-14T15:50:16.533543" elapsed="1.144106"/>
</kw>
<kw name="Click &quot;Login&quot; Button" owner="LoginProcess">
<kw name="Click Button" owner="SeleniumLibrary">
<msg time="2025-05-14T15:50:17.678382" level="INFO">Clicking button 'name=login'.</msg>
<arg>${SIGNIN_SUBMIT_BUTTON}</arg>
<doc>Clicks the button identified by ``locator``.</doc>
<status status="PASS" start="2025-05-14T15:50:17.678177" elapsed="1.836008"/>
</kw>
<status status="PASS" start="2025-05-14T15:50:17.677871" elapsed="1.836608"/>
</kw>
<arg>${Username}</arg>
<arg>${Password}</arg>
<status status="PASS" start="2025-05-14T15:50:15.304972" elapsed="4.209649"/>
</kw>
<kw name="Verify Employee Username Loaded" owner="EmployeePage">
<kw name="Wait Until Page Contains" owner="SeleniumLibrary">
<arg>${EMPLOYEE_USERNAME}</arg>
<doc>Waits until ``text`` appears on the current page.</doc>
<status status="PASS" start="2025-05-14T15:50:19.515284" elapsed="1.078825"/>
</kw>
<status status="PASS" start="2025-05-14T15:50:19.514912" elapsed="1.079394"/>
</kw>
<arg>${VALID_USERNAME}</arg>
<arg>${VALID_PASSWORD}</arg>
<status status="PASS" start="2025-05-14T15:50:15.304567" elapsed="5.289820"/>
</kw>
<kw name="End Web Test" owner="CommonFeature" type="TEARDOWN">
<kw name="Close All Browsers" owner="SeleniumLibrary">
<doc>Closes all open browsers and resets the browser cache.</doc>
<status status="PASS" start="2025-05-14T15:50:20.595128" elapsed="3.646104"/>
</kw>
<status status="PASS" start="2025-05-14T15:50:20.594847" elapsed="3.646541"/>
</kw>
<doc>Testing: Should be able to Login with valid credentials</doc>
<tag>1001 Smoke Login</tag>
<status status="PASS" start="2025-05-14T15:50:10.514399" elapsed="13.727190"/>
</test>
<doc>Login Process Testing</doc>
<status status="PASS" start="2025-05-14T15:50:09.182171" elapsed="15.060432"/>
</suite>
<statistics>
<total>
<stat pass="1" fail="0" skip="0">All Tests</stat>
</total>
<tag>
<stat pass="1" fail="0" skip="0">1001 Smoke Login</stat>
</tag>
<suite>
<stat name="LoginProcess" id="s1" pass="1" fail="0" skip="0">LoginProcess</stat>
</suite>
</statistics>
<errors>
</errors>
</robot>
