<?xml version="1.0" encoding="UTF-8"?>
<robot generator="Robot 7.2 (Python 3.13.1 on win32)" generated="2025-06-18T16:20:42.418727" rpa="false" schemaversion="5">
<suite id="s1" name="Footer" source="C:\Programming\Python\RobotFramework\Eezy\tests\EmployeePage\Footer.robot">
<test id="s1-t1" name="LinkedIn Logo Link Should Redirect To LinkedIn Page" line="75">
<kw name="Begin Web Test" owner="CommonFeature" type="SETUP">
<kw name="Set Selenium Speed" owner="SeleniumLibrary">
<arg>.35s</arg>
<doc>Sets the delay that is waited after each Selenium command.</doc>
<status status="PASS" start="2025-06-18T16:20:44.173527" elapsed="0.000268"/>
</kw>
<kw name="Set Selenium Timeout" owner="SeleniumLibrary">
<arg>10s</arg>
<doc>Sets the timeout that is used by various keywords.</doc>
<status status="PASS" start="2025-06-18T16:20:44.173954" elapsed="0.000186"/>
</kw>
<kw name="Open Browser" owner="SeleniumLibrary">
<msg time="2025-06-18T16:20:44.174464" level="INFO">Opening browser 'chrome' to base url 'about:blank'.</msg>
<arg>about:blank</arg>
<arg>${BROWSER}</arg>
<doc>Opens a new browser instance to the optional ``url``.</doc>
<status status="PASS" start="2025-06-18T16:20:44.174278" elapsed="2.850566"/>
</kw>
<kw name="Set Window Position" owner="SeleniumLibrary">
<arg>x=341</arg>
<arg>y=75</arg>
<doc>Sets window position using ``x`` and ``y`` coordinates.</doc>
<status status="PASS" start="2025-06-18T16:20:47.025182" elapsed="0.388260"/>
</kw>
<kw name="Set Window Size" owner="SeleniumLibrary">
<arg>width=1150</arg>
<arg>height=910</arg>
<doc>Sets current windows size to given ``width`` and ``height``.</doc>
<status status="PASS" start="2025-06-18T16:20:47.413802" elapsed="0.447140"/>
</kw>
<status status="PASS" start="2025-06-18T16:20:44.172839" elapsed="3.688373"/>
</kw>
<kw name="Go To &quot;Home&quot; Page" owner="EezyApp">
<kw name="Navigate To Eezy Website" owner="HomePage">
<kw name="Go To" owner="SeleniumLibrary">
<msg time="2025-06-18T16:20:47.875248" level="INFO">Opening url 'https://extranet.extraajat.com/'</msg>
<arg>${URL}</arg>
<doc>Navigates the current browser window to the provided ``url``.</doc>
<status status="PASS" start="2025-06-18T16:20:47.875023" elapsed="1.047447"/>
</kw>
<status status="PASS" start="2025-06-18T16:20:47.874655" elapsed="1.048038"/>
</kw>
<kw name="Verify HomePage Loaded" owner="HomePage">
<kw name="Wait Until Page Contains" owner="SeleniumLibrary">
<arg>${HOME_HEADER_LABEL}</arg>
<doc>Waits until ``text`` appears on the current page.</doc>
<status status="PASS" start="2025-06-18T16:20:48.923369" elapsed="0.374737"/>
</kw>
<status status="PASS" start="2025-06-18T16:20:48.922988" elapsed="0.375310"/>
</kw>
<status status="PASS" start="2025-06-18T16:20:47.873971" elapsed="1.424408"/>
</kw>
<kw name="Login With Valid Credentials" owner="EezyApp">
<kw name="Login With Valid Credentials" owner="LoginProcess">
<kw name="Fill &quot;Username&quot; Field" owner="LoginProcess">
<kw name="Input Text" owner="SeleniumLibrary">
<msg time="2025-06-18T16:20:49.302628" level="INFO">Typing text 'emp_46409' into text field 'name=_username'.</msg>
<arg>${SIGNIN_USERNAME_TEXTBOX}</arg>
<arg>${Username}</arg>
<doc>Types the given ``text`` into the text field identified by ``locator``.</doc>
<status status="PASS" start="2025-06-18T16:20:49.302164" elapsed="1.260785"/>
</kw>
<arg>${Username}</arg>
<status status="PASS" start="2025-06-18T16:20:49.301873" elapsed="1.261268"/>
</kw>
<kw name="Fill &quot;Password&quot; Field" owner="LoginProcess">
<kw name="Input Text" owner="SeleniumLibrary">
<msg time="2025-06-18T16:20:50.564053" level="INFO">Typing text 'zoya1234' into text field 'id=password'.</msg>
<arg>${SIGNIN_PASSWORD_TEXTBOX}</arg>
<arg>${Password}</arg>
<doc>Types the given ``text`` into the text field identified by ``locator``.</doc>
<status status="PASS" start="2025-06-18T16:20:50.563783" elapsed="1.139092"/>
</kw>
<arg>${Password}</arg>
<status status="PASS" start="2025-06-18T16:20:50.563384" elapsed="1.139680"/>
</kw>
<kw name="Click &quot;Login&quot; Button" owner="LoginProcess">
<kw name="Click Button" owner="SeleniumLibrary">
<msg time="2025-06-18T16:20:51.703825" level="INFO">Clicking button 'name=login'.</msg>
<arg>${SIGNIN_SUBMIT_BUTTON}</arg>
<doc>Clicks the button identified by ``locator``.</doc>
<status status="PASS" start="2025-06-18T16:20:51.703605" elapsed="1.848847"/>
</kw>
<status status="PASS" start="2025-06-18T16:20:51.703308" elapsed="1.849351"/>
</kw>
<arg>${Username}</arg>
<arg>${Password}</arg>
<status status="PASS" start="2025-06-18T16:20:49.301516" elapsed="4.251244"/>
</kw>
<kw name="Verify Employee Username Loaded" owner="Header">
<kw name="Wait Until Page Contains" owner="SeleniumLibrary">
<arg>${EMPLOYEE_USERNAME}</arg>
<doc>Waits until ``text`` appears on the current page.</doc>
<status status="PASS" start="2025-06-18T16:20:53.553469" elapsed="0.888227"/>
</kw>
<status status="PASS" start="2025-06-18T16:20:53.553061" elapsed="0.888809"/>
</kw>
<arg>${VALID_USERNAME}</arg>
<arg>${VALID_PASSWORD}</arg>
<status status="PASS" start="2025-06-18T16:20:49.301019" elapsed="5.140931"/>
</kw>
<kw name="Verify LinkedIN Logo Link Redirection" owner="EezyApp">
<kw name="Click LinkedIN Logo Link And Verify Redirection to correct LinkedIN Page" owner="Footer">
<kw name="Click Element" owner="SeleniumLibrary">
<msg time="2025-06-18T16:20:54.443190" level="INFO">Clicking element 'class=linkedin'.</msg>
<arg>${FOOTER_HEADING_TEXT_3_LOGO_LinkedIn}</arg>
<doc>Click the element identified by ``locator``.</doc>
<status status="PASS" start="2025-06-18T16:20:54.442986" elapsed="2.283902"/>
</kw>
<kw name="Get Window Handles" owner="SeleniumLibrary">
<msg time="2025-06-18T16:20:57.126425" level="INFO">${original_handles} = ['FF082179C4B9E46EE4AE1E7390446F4D']</msg>
<var>${original_handles}</var>
<doc>Returns all child window handles of the selected browser as a list.</doc>
<status status="PASS" start="2025-06-18T16:20:56.727256" elapsed="0.399255"/>
</kw>
<kw name="Evaluate" owner="BuiltIn">
<msg time="2025-06-18T16:20:57.127256" level="INFO">${original_count} = 1</msg>
<var>${original_count}</var>
<arg>len(${original_handles})</arg>
<doc>Evaluates the given expression in Python and returns the result.</doc>
<status status="PASS" start="2025-06-18T16:20:57.126812" elapsed="0.000493"/>
</kw>
<for flavor="IN RANGE">
<iter>
<kw name="Get Window Handles" owner="SeleniumLibrary">
<msg time="2025-06-18T16:20:57.497991" level="INFO">${handles} = ['FF082179C4B9E46EE4AE1E7390446F4D']</msg>
<var>${handles}</var>
<doc>Returns all child window handles of the selected browser as a list.</doc>
<status status="PASS" start="2025-06-18T16:20:57.127906" elapsed="0.370177"/>
</kw>
<kw name="Evaluate" owner="BuiltIn">
<msg time="2025-06-18T16:20:57.498772" level="INFO">${count} = 1</msg>
<var>${count}</var>
<arg>len(${handles})</arg>
<doc>Evaluates the given expression in Python and returns the result.</doc>
<status status="PASS" start="2025-06-18T16:20:57.498366" elapsed="0.000458"/>
</kw>
<kw name="Exit For Loop If" owner="BuiltIn">
<arg>${count} &gt; ${original_count}</arg>
<doc>Stops executing the enclosing FOR loop if the ``condition`` is true.</doc>
<status status="PASS" start="2025-06-18T16:20:57.498989" elapsed="0.000261"/>
</kw>
<kw name="Sleep" owner="BuiltIn">
<msg time="2025-06-18T16:20:58.502905" level="INFO">Slept 1 second.</msg>
<arg>1s</arg>
<doc>Pauses the test executed for the given time.</doc>
<status status="PASS" start="2025-06-18T16:20:57.499401" elapsed="1.003673"/>
</kw>
<var name="${index}">0</var>
<status status="PASS" start="2025-06-18T16:20:57.127728" elapsed="1.375451"/>
</iter>
<iter>
<kw name="Get Window Handles" owner="SeleniumLibrary">
<msg time="2025-06-18T16:20:58.856971" level="INFO">${handles} = ['FF082179C4B9E46EE4AE1E7390446F4D']</msg>
<var>${handles}</var>
<doc>Returns all child window handles of the selected browser as a list.</doc>
<status status="PASS" start="2025-06-18T16:20:58.503656" elapsed="0.353412"/>
</kw>
<kw name="Evaluate" owner="BuiltIn">
<msg time="2025-06-18T16:20:58.858018" level="INFO">${count} = 1</msg>
<var>${count}</var>
<arg>len(${handles})</arg>
<doc>Evaluates the given expression in Python and returns the result.</doc>
<status status="PASS" start="2025-06-18T16:20:58.857370" elapsed="0.000697"/>
</kw>
<kw name="Exit For Loop If" owner="BuiltIn">
<arg>${count} &gt; ${original_count}</arg>
<doc>Stops executing the enclosing FOR loop if the ``condition`` is true.</doc>
<status status="PASS" start="2025-06-18T16:20:58.858277" elapsed="0.000296"/>
</kw>
<kw name="Sleep" owner="BuiltIn">
<msg time="2025-06-18T16:20:59.859504" level="INFO">Slept 1 second.</msg>
<arg>1s</arg>
<doc>Pauses the test executed for the given time.</doc>
<status status="PASS" start="2025-06-18T16:20:58.858743" elapsed="1.000949"/>
</kw>
<var name="${index}">1</var>
<status status="PASS" start="2025-06-18T16:20:58.503433" elapsed="1.356367"/>
</iter>
<iter>
<kw name="Get Window Handles" owner="SeleniumLibrary">
<msg time="2025-06-18T16:21:00.218850" level="INFO">${handles} = ['FF082179C4B9E46EE4AE1E7390446F4D']</msg>
<var>${handles}</var>
<doc>Returns all child window handles of the selected browser as a list.</doc>
<status status="PASS" start="2025-06-18T16:20:59.860235" elapsed="0.358706"/>
</kw>
<kw name="Evaluate" owner="BuiltIn">
<msg time="2025-06-18T16:21:00.219634" level="INFO">${count} = 1</msg>
<var>${count}</var>
<arg>len(${handles})</arg>
<doc>Evaluates the given expression in Python and returns the result.</doc>
<status status="PASS" start="2025-06-18T16:21:00.219234" elapsed="0.000448"/>
</kw>
<kw name="Exit For Loop If" owner="BuiltIn">
<arg>${count} &gt; ${original_count}</arg>
<doc>Stops executing the enclosing FOR loop if the ``condition`` is true.</doc>
<status status="PASS" start="2025-06-18T16:21:00.219859" elapsed="0.000268"/>
</kw>
<kw name="Sleep" owner="BuiltIn">
<msg time="2025-06-18T16:21:01.221142" level="INFO">Slept 1 second.</msg>
<arg>1s</arg>
<doc>Pauses the test executed for the given time.</doc>
<status status="PASS" start="2025-06-18T16:21:00.220289" elapsed="1.001058"/>
</kw>
<var name="${index}">2</var>
<status status="PASS" start="2025-06-18T16:20:59.860030" elapsed="1.361447"/>
</iter>
<iter>
<kw name="Get Window Handles" owner="SeleniumLibrary">
<msg time="2025-06-18T16:21:01.593159" level="INFO">${handles} = ['FF082179C4B9E46EE4AE1E7390446F4D']</msg>
<var>${handles}</var>
<doc>Returns all child window handles of the selected browser as a list.</doc>
<status status="PASS" start="2025-06-18T16:21:01.221938" elapsed="0.371320"/>
</kw>
<kw name="Evaluate" owner="BuiltIn">
<msg time="2025-06-18T16:21:01.594018" level="INFO">${count} = 1</msg>
<var>${count}</var>
<arg>len(${handles})</arg>
<doc>Evaluates the given expression in Python and returns the result.</doc>
<status status="PASS" start="2025-06-18T16:21:01.593579" elapsed="0.000489"/>
</kw>
<kw name="Exit For Loop If" owner="BuiltIn">
<arg>${count} &gt; ${original_count}</arg>
<doc>Stops executing the enclosing FOR loop if the ``condition`` is true.</doc>
<status status="PASS" start="2025-06-18T16:21:01.594285" elapsed="0.000321"/>
</kw>
<kw name="Sleep" owner="BuiltIn">
<msg time="2025-06-18T16:21:02.595229" level="INFO">Slept 1 second.</msg>
<arg>1s</arg>
<doc>Pauses the test executed for the given time.</doc>
<status status="PASS" start="2025-06-18T16:21:01.594780" elapsed="1.000632"/>
</kw>
<var name="${index}">3</var>
<status status="PASS" start="2025-06-18T16:21:01.221722" elapsed="1.373795"/>
</iter>
<iter>
<kw name="Get Window Handles" owner="SeleniumLibrary">
<msg time="2025-06-18T16:21:02.947759" level="INFO">${handles} = ['FF082179C4B9E46EE4AE1E7390446F4D']</msg>
<var>${handles}</var>
<doc>Returns all child window handles of the selected browser as a list.</doc>
<status status="PASS" start="2025-06-18T16:21:02.595867" elapsed="0.351984"/>
</kw>
<kw name="Evaluate" owner="BuiltIn">
<msg time="2025-06-18T16:21:02.948528" level="INFO">${count} = 1</msg>
<var>${count}</var>
<arg>len(${handles})</arg>
<doc>Evaluates the given expression in Python and returns the result.</doc>
<status status="PASS" start="2025-06-18T16:21:02.948127" elapsed="0.000450"/>
</kw>
<kw name="Exit For Loop If" owner="BuiltIn">
<arg>${count} &gt; ${original_count}</arg>
<doc>Stops executing the enclosing FOR loop if the ``condition`` is true.</doc>
<status status="PASS" start="2025-06-18T16:21:02.948757" elapsed="0.000255"/>
</kw>
<kw name="Sleep" owner="BuiltIn">
<msg time="2025-06-18T16:21:03.951734" level="INFO">Slept 1 second.</msg>
<arg>1s</arg>
<doc>Pauses the test executed for the given time.</doc>
<status status="PASS" start="2025-06-18T16:21:02.949167" elapsed="1.002781"/>
</kw>
<var name="${index}">4</var>
<status status="PASS" start="2025-06-18T16:21:02.595712" elapsed="1.356370"/>
</iter>
<iter>
<kw name="Get Window Handles" owner="SeleniumLibrary">
<msg time="2025-06-18T16:21:04.304475" level="INFO">${handles} = ['FF082179C4B9E46EE4AE1E7390446F4D']</msg>
<var>${handles}</var>
<doc>Returns all child window handles of the selected browser as a list.</doc>
<status status="PASS" start="2025-06-18T16:21:03.952594" elapsed="0.351955"/>
</kw>
<kw name="Evaluate" owner="BuiltIn">
<msg time="2025-06-18T16:21:04.305090" level="INFO">${count} = 1</msg>
<var>${count}</var>
<arg>len(${handles})</arg>
<doc>Evaluates the given expression in Python and returns the result.</doc>
<status status="PASS" start="2025-06-18T16:21:04.304780" elapsed="0.000344"/>
</kw>
<kw name="Exit For Loop If" owner="BuiltIn">
<arg>${count} &gt; ${original_count}</arg>
<doc>Stops executing the enclosing FOR loop if the ``condition`` is true.</doc>
<status status="PASS" start="2025-06-18T16:21:04.305241" elapsed="0.000182"/>
</kw>
<kw name="Sleep" owner="BuiltIn">
<msg time="2025-06-18T16:21:05.305855" level="INFO">Slept 1 second.</msg>
<arg>1s</arg>
<doc>Pauses the test executed for the given time.</doc>
<status status="PASS" start="2025-06-18T16:21:04.305530" elapsed="1.000468"/>
</kw>
<var name="${index}">5</var>
<status status="PASS" start="2025-06-18T16:21:03.952372" elapsed="1.353718"/>
</iter>
<iter>
<kw name="Get Window Handles" owner="SeleniumLibrary">
<msg time="2025-06-18T16:21:05.658396" level="INFO">${handles} = ['FF082179C4B9E46EE4AE1E7390446F4D']</msg>
<var>${handles}</var>
<doc>Returns all child window handles of the selected browser as a list.</doc>
<status status="PASS" start="2025-06-18T16:21:05.306449" elapsed="0.352026"/>
</kw>
<kw name="Evaluate" owner="BuiltIn">
<msg time="2025-06-18T16:21:05.659058" level="INFO">${count} = 1</msg>
<var>${count}</var>
<arg>len(${handles})</arg>
<doc>Evaluates the given expression in Python and returns the result.</doc>
<status status="PASS" start="2025-06-18T16:21:05.658711" elapsed="0.000390"/>
</kw>
<kw name="Exit For Loop If" owner="BuiltIn">
<arg>${count} &gt; ${original_count}</arg>
<doc>Stops executing the enclosing FOR loop if the ``condition`` is true.</doc>
<status status="PASS" start="2025-06-18T16:21:05.659252" elapsed="0.000212"/>
</kw>
<kw name="Sleep" owner="BuiltIn">
<msg time="2025-06-18T16:21:06.659837" level="INFO">Slept 1 second.</msg>
<arg>1s</arg>
<doc>Pauses the test executed for the given time.</doc>
<status status="PASS" start="2025-06-18T16:21:05.659603" elapsed="1.000395"/>
</kw>
<var name="${index}">6</var>
<status status="PASS" start="2025-06-18T16:21:05.306288" elapsed="1.353812"/>
</iter>
<iter>
<kw name="Get Window Handles" owner="SeleniumLibrary">
<msg time="2025-06-18T16:21:07.012315" level="INFO">${handles} = ['FF082179C4B9E46EE4AE1E7390446F4D']</msg>
<var>${handles}</var>
<doc>Returns all child window handles of the selected browser as a list.</doc>
<status status="PASS" start="2025-06-18T16:21:06.660472" elapsed="0.351923"/>
</kw>
<kw name="Evaluate" owner="BuiltIn">
<msg time="2025-06-18T16:21:07.012984" level="INFO">${count} = 1</msg>
<var>${count}</var>
<arg>len(${handles})</arg>
<doc>Evaluates the given expression in Python and returns the result.</doc>
<status status="PASS" start="2025-06-18T16:21:07.012641" elapsed="0.000385"/>
</kw>
<kw name="Exit For Loop If" owner="BuiltIn">
<arg>${count} &gt; ${original_count}</arg>
<doc>Stops executing the enclosing FOR loop if the ``condition`` is true.</doc>
<status status="PASS" start="2025-06-18T16:21:07.013321" elapsed="0.000209"/>
</kw>
<kw name="Sleep" owner="BuiltIn">
<msg time="2025-06-18T16:21:08.016222" level="INFO">Slept 1 second.</msg>
<arg>1s</arg>
<doc>Pauses the test executed for the given time.</doc>
<status status="PASS" start="2025-06-18T16:21:07.013648" elapsed="1.002748"/>
</kw>
<var name="${index}">7</var>
<status status="PASS" start="2025-06-18T16:21:06.660307" elapsed="1.356189"/>
</iter>
<iter>
<kw name="Get Window Handles" owner="SeleniumLibrary">
<msg time="2025-06-18T16:21:08.369256" level="INFO">${handles} = ['FF082179C4B9E46EE4AE1E7390446F4D']</msg>
<var>${handles}</var>
<doc>Returns all child window handles of the selected browser as a list.</doc>
<status status="PASS" start="2025-06-18T16:21:08.016901" elapsed="0.352444"/>
</kw>
<kw name="Evaluate" owner="BuiltIn">
<msg time="2025-06-18T16:21:08.369888" level="INFO">${count} = 1</msg>
<var>${count}</var>
<arg>len(${handles})</arg>
<doc>Evaluates the given expression in Python and returns the result.</doc>
<status status="PASS" start="2025-06-18T16:21:08.369588" elapsed="0.000334"/>
</kw>
<kw name="Exit For Loop If" owner="BuiltIn">
<arg>${count} &gt; ${original_count}</arg>
<doc>Stops executing the enclosing FOR loop if the ``condition`` is true.</doc>
<status status="PASS" start="2025-06-18T16:21:08.370043" elapsed="0.000195"/>
</kw>
<kw name="Sleep" owner="BuiltIn">
<msg time="2025-06-18T16:21:09.370810" level="INFO">Slept 1 second.</msg>
<arg>1s</arg>
<doc>Pauses the test executed for the given time.</doc>
<status status="PASS" start="2025-06-18T16:21:08.370349" elapsed="1.000772"/>
</kw>
<var name="${index}">8</var>
<status status="PASS" start="2025-06-18T16:21:08.016721" elapsed="1.354526"/>
</iter>
<iter>
<kw name="Get Window Handles" owner="SeleniumLibrary">
<msg time="2025-06-18T16:21:09.724985" level="INFO">${handles} = ['FF082179C4B9E46EE4AE1E7390446F4D']</msg>
<var>${handles}</var>
<doc>Returns all child window handles of the selected browser as a list.</doc>
<status status="PASS" start="2025-06-18T16:21:09.371669" elapsed="0.353383"/>
</kw>
<kw name="Evaluate" owner="BuiltIn">
<msg time="2025-06-18T16:21:09.725549" level="INFO">${count} = 1</msg>
<var>${count}</var>
<arg>len(${handles})</arg>
<doc>Evaluates the given expression in Python and returns the result.</doc>
<status status="PASS" start="2025-06-18T16:21:09.725264" elapsed="0.000317"/>
</kw>
<kw name="Exit For Loop If" owner="BuiltIn">
<arg>${count} &gt; ${original_count}</arg>
<doc>Stops executing the enclosing FOR loop if the ``condition`` is true.</doc>
<status status="PASS" start="2025-06-18T16:21:09.725693" elapsed="0.000197"/>
</kw>
<kw name="Sleep" owner="BuiltIn">
<msg time="2025-06-18T16:21:10.727411" level="INFO">Slept 1 second.</msg>
<arg>1s</arg>
<doc>Pauses the test executed for the given time.</doc>
<status status="PASS" start="2025-06-18T16:21:09.725997" elapsed="1.001591"/>
</kw>
<var name="${index}">9</var>
<status status="PASS" start="2025-06-18T16:21:09.371509" elapsed="1.356188"/>
</iter>
<var>${index}</var>
<value>10</value>
<status status="PASS" start="2025-06-18T16:20:57.127442" elapsed="13.600338"/>
</for>
<kw name="Get Window Handles" owner="SeleniumLibrary">
<msg time="2025-06-18T16:21:11.079842" level="INFO">${new_handles} = ['FF082179C4B9E46EE4AE1E7390446F4D']</msg>
<var>${new_handles}</var>
<doc>Returns all child window handles of the selected browser as a list.</doc>
<status status="PASS" start="2025-06-18T16:21:10.728017" elapsed="0.351900"/>
</kw>
<kw name="Evaluate" owner="BuiltIn">
<msg time="2025-06-18T16:21:11.080669" level="FAIL">Evaluating expression "[h for h in ['FF082179C4B9E46EE4AE1E7390446F4D'] if h not in ['FF082179C4B9E46EE4AE1E7390446F4D']][0]" failed: IndexError: list index out of range</msg>
<var>${new_window}</var>
<arg>[h for h in ${new_handles} if h not in ${original_handles}][0]</arg>
<doc>Evaluates the given expression in Python and returns the result.</doc>
<status status="FAIL" start="2025-06-18T16:21:11.080160" elapsed="0.000755">Evaluating expression "[h for h in ['FF082179C4B9E46EE4AE1E7390446F4D'] if h not in ['FF082179C4B9E46EE4AE1E7390446F4D']][0]" failed: IndexError: list index out of range</status>
</kw>
<kw name="Switch Window" owner="SeleniumLibrary">
<arg>handle=${new_window}</arg>
<doc>Switches to browser window matching ``locator``.</doc>
<status status="NOT RUN" start="2025-06-18T16:21:11.081082" elapsed="0.000030"/>
</kw>
<kw name="Wait Until Location Is" owner="SeleniumLibrary">
<arg>${URL_Link_FOR_LinkedIn_PAGE}</arg>
<arg>timeout=20s</arg>
<doc>Waits until the current URL is ``expected``.</doc>
<status status="NOT RUN" start="2025-06-18T16:21:11.081209" elapsed="0.000025"/>
</kw>
<status status="FAIL" start="2025-06-18T16:20:54.442765" elapsed="16.638589">Evaluating expression "[h for h in ['FF082179C4B9E46EE4AE1E7390446F4D'] if h not in ['FF082179C4B9E46EE4AE1E7390446F4D']][0]" failed: IndexError: list index out of range</status>
</kw>
<status status="FAIL" start="2025-06-18T16:20:54.442391" elapsed="16.639055">Evaluating expression "[h for h in ['FF082179C4B9E46EE4AE1E7390446F4D'] if h not in ['FF082179C4B9E46EE4AE1E7390446F4D']][0]" failed: IndexError: list index out of range</status>
</kw>
<kw name="End Web Test" owner="CommonFeature" type="TEARDOWN">
<kw name="Close All Browsers" owner="SeleniumLibrary">
<doc>Closes all open browsers and resets the browser cache.</doc>
<status status="PASS" start="2025-06-18T16:21:11.082093" elapsed="3.727314"/>
</kw>
<status status="PASS" start="2025-06-18T16:21:11.081851" elapsed="3.727727"/>
</kw>
<doc>Verify that clicking the LinkedIn logo redirects to the correct LinkedIn page</doc>
<tag>1008</tag>
<status status="FAIL" start="2025-06-18T16:20:44.171802" elapsed="30.637995">Evaluating expression "[h for h in ['FF082179C4B9E46EE4AE1E7390446F4D'] if h not in ['FF082179C4B9E46EE4AE1E7390446F4D']][0]" failed: IndexError: list index out of range</status>
</test>
<doc>Footer Section Testing</doc>
<status status="FAIL" start="2025-06-18T16:20:42.429886" elapsed="32.381294"/>
</suite>
<statistics>
<total>
<stat pass="0" fail="1" skip="0">All Tests</stat>
</total>
<tag>
<stat pass="0" fail="1" skip="0">1008</stat>
</tag>
<suite>
<stat name="Footer" id="s1" pass="0" fail="1" skip="0">Footer</stat>
</suite>
</statistics>
<errors>
</errors>
</robot>
